This is pdfTeX, Version 3.14159265-2.6-1.40.16 (TeX Live 2015) (preloaded format=pdflatex 2015.8.3)  22 OCT 2015 09:41
entering extended mode
 restricted \write18 enabled.
 file:line:error style messages enabled.
 %&-line parsing enabled.
**"A Comparison of String Search Algorithms for Deep Packet Inspection.tex"
(./A Comparison of String Search Algorithms for Deep Packet Inspection.tex
LaTeX2e <2015/01/01> patch level 2
Babel <3.9l> and hyphenation patterns for 79 languages loaded.
(/usr/local/texlive/2014/texmf-dist/tex/latex/base/article.cls
Document Class: article 2014/09/29 v1.4h Standard LaTeX document class
(/usr/local/texlive/2014/texmf-dist/tex/latex/base/size10.clo
File: size10.clo 2014/09/29 v1.4h Standard LaTeX file (size option)
)
\c@part=\count79
\c@section=\count80
\c@subsection=\count81
\c@subsubsection=\count82
\c@paragraph=\count83
\c@subparagraph=\count84
\c@figure=\count85
\c@table=\count86
\abovecaptionskip=\skip41
\belowcaptionskip=\skip42
\bibindent=\dimen102
) (/usr/local/texlive/2014/texmf-dist/tex/latex/natbib/natbib.sty
Package: natbib 2010/09/13 8.31b (PWD, AO)
\bibhang=\skip43
\bibsep=\skip44
LaTeX Info: Redefining \cite on input line 694.
\c@NAT@ctr=\count87
) (/usr/local/texlive/2014/texmf-dist/tex/latex/graphics/graphicx.sty
Package: graphicx 2014/10/28 v1.0g Enhanced LaTeX Graphics (DPC,SPQR)
 (/usr/local/texlive/2014/texmf-dist/tex/latex/graphics/keyval.sty
Package: keyval 2014/10/28 v1.15 key=value parser (DPC)
\KV@toks@=\toks14
) (/usr/local/texlive/2014/texmf-dist/tex/latex/graphics/graphics.sty
Package: graphics 2014/10/28 v1.0p Standard LaTeX Graphics (DPC,SPQR)
 (/usr/local/texlive/2014/texmf-dist/tex/latex/graphics/trig.sty
Package: trig 1999/03/16 v1.09 sin cos tan (DPC)
) (/usr/local/texlive/2014/texmf-dist/tex/latex/latexconfig/graphics.cfg
File: graphics.cfg 2010/04/23 v1.9 graphics configuration of TeX Live
)
Package graphics Info: Driver file: pdftex.def on input line 94.
 (/usr/local/texlive/2014/texmf-dist/tex/latex/pdftex-def/pdftex.def
File: pdftex.def 2011/05/27 v0.06d Graphics/color for pdfTeX
 (/usr/local/texlive/2014/texmf-dist/tex/generic/oberdiek/infwarerr.sty
Package: infwarerr 2010/04/08 v1.3 Providing info/warning/error messages (HO)
) (/usr/local/texlive/2014/texmf-dist/tex/generic/oberdiek/ltxcmds.sty
Package: ltxcmds 2011/11/09 v1.22 LaTeX kernel commands for general use (HO)
)
\Gread@gobject=\count88
))
\Gin@req@height=\dimen103
\Gin@req@width=\dimen104
) (/usr/local/texlive/2014/texmf-dist/tex/latex/multirow/multirow.sty
\bigstrutjot=\dimen105
) (/usr/local/texlive/2014/texmf-dist/tex/latex/comment/comment.sty
\CommentStream=\write3
 Excluding comment 'comment') (/usr/local/texlive/2014/texmf-dist/tex/latex/amsmath/amsmath.sty
Package: amsmath 2013/01/14 v2.14 AMS math features
\@mathmargin=\skip45

For additional information on amsmath, use the `?' option.
(/usr/local/texlive/2014/texmf-dist/tex/latex/amsmath/amstext.sty
Package: amstext 2000/06/29 v2.01
 (/usr/local/texlive/2014/texmf-dist/tex/latex/amsmath/amsgen.sty
File: amsgen.sty 1999/11/30 v2.0
\@emptytoks=\toks15
\ex@=\dimen106
)) (/usr/local/texlive/2014/texmf-dist/tex/latex/amsmath/amsbsy.sty
Package: amsbsy 1999/11/29 v1.2d
\pmbraise@=\dimen107
) (/usr/local/texlive/2014/texmf-dist/tex/latex/amsmath/amsopn.sty
Package: amsopn 1999/12/14 v2.01 operator names
)
\inf@bad=\count89
LaTeX Info: Redefining \frac on input line 210.
\uproot@=\count90
\leftroot@=\count91
LaTeX Info: Redefining \overline on input line 306.
\classnum@=\count92
\DOTSCASE@=\count93
LaTeX Info: Redefining \ldots on input line 378.
LaTeX Info: Redefining \dots on input line 381.
LaTeX Info: Redefining \cdots on input line 466.
\Mathstrutbox@=\box26
\strutbox@=\box27
\big@size=\dimen108
LaTeX Font Info:    Redeclaring font encoding OML on input line 566.
LaTeX Font Info:    Redeclaring font encoding OMS on input line 567.
\macc@depth=\count94
\c@MaxMatrixCols=\count95
\dotsspace@=\muskip10
\c@parentequation=\count96
\dspbrk@lvl=\count97
\tag@help=\toks16
\row@=\count98
\column@=\count99
\maxfields@=\count100
\andhelp@=\toks17
\eqnshift@=\dimen109
\alignsep@=\dimen110
\tagshift@=\dimen111
\tagwidth@=\dimen112
\totwidth@=\dimen113
\lineht@=\dimen114
\@envbody=\toks18
\multlinegap=\skip46
\multlinetaggap=\skip47
\mathdisplay@stack=\toks19
LaTeX Info: Redefining \[ on input line 2665.
LaTeX Info: Redefining \] on input line 2666.
) (/usr/local/texlive/2014/texmf-dist/tex/latex/url/url.sty
\Urlmuskip=\muskip11
Package: url 2013/09/16  ver 3.4  Verb mode for urls, etc.
) (/usr/local/texlive/2014/texmf-dist/tex/latex/tools/hhline.sty
Package: hhline 2014/10/28 v2.03 Table rule package (DPC)
) (/usr/local/texlive/2014/texmf-dist/tex/latex/float/float.sty
Package: float 2001/11/08 v1.3d Float enhancements (AL)
\c@float@type=\count101
\float@exts=\toks20
\float@box=\box28
\@float@everytoks=\toks21
\@floatcapt=\box29
) (/usr/local/texlive/2014/texmf-dist/tex/latex/caption/subcaption.sty
Package: subcaption 2013/02/03 v1.1-62 Sub-captions (AR)
 (/usr/local/texlive/2014/texmf-dist/tex/latex/caption/caption.sty
Package: caption 2013/05/02 v3.3-89 Customizing captions (AR)
 (/usr/local/texlive/2014/texmf-dist/tex/latex/caption/caption3.sty
Package: caption3 2013/05/02 v1.6-88 caption3 kernel (AR)
Package caption3 Info: TeX engine: e-TeX on input line 57.
\captionmargin=\dimen115
\captionmargin@=\dimen116
\captionwidth=\dimen117
\caption@tempdima=\dimen118
\caption@indent=\dimen119
\caption@parindent=\dimen120
\caption@hangindent=\dimen121
)
\c@ContinuedFloat=\count102
Package caption Info: float package is loaded.
)
\c@subfigure=\count103
\c@subtable=\count104
) (./A Comparison of String Search Algorithms for Deep Packet Inspection.aux

LaTeX Warning: Label `trie' multiply defined.


LaTeX Warning: Label `fig:naive' multiply defined.

)
\openout1 = `"A Comparison of String Search Algorithms for Deep Packet Inspection.aux"'.

LaTeX Font Info:    Checking defaults for OML/cmm/m/it on input line 12.
LaTeX Font Info:    ... okay on input line 12.
LaTeX Font Info:    Checking defaults for T1/cmr/m/n on input line 12.
LaTeX Font Info:    ... okay on input line 12.
LaTeX Font Info:    Checking defaults for OT1/cmr/m/n on input line 12.
LaTeX Font Info:    ... okay on input line 12.
LaTeX Font Info:    Checking defaults for OMS/cmsy/m/n on input line 12.
LaTeX Font Info:    ... okay on input line 12.
LaTeX Font Info:    Checking defaults for OMX/cmex/m/n on input line 12.
LaTeX Font Info:    ... okay on input line 12.
LaTeX Font Info:    Checking defaults for U/cmr/m/n on input line 12.
LaTeX Font Info:    ... okay on input line 12.
 (/usr/local/texlive/2014/texmf-dist/tex/context/base/supp-pdf.mkii
[Loading MPS to PDF converter (version 2006.09.02).]
\scratchcounter=\count105
\scratchdimen=\dimen122
\scratchbox=\box30
\nofMPsegments=\count106
\nofMParguments=\count107
\everyMPshowfont=\toks22
\MPscratchCnt=\count108
\MPscratchDim=\dimen123
\MPnumerator=\count109
\makeMPintoPDFobject=\count110
\everyMPtoPDFconversion=\toks23
) (/usr/local/texlive/2014/texmf-dist/tex/generic/oberdiek/pdftexcmds.sty
Package: pdftexcmds 2011/11/29 v0.20 Utility functions of pdfTeX for LuaTeX (HO)
 (/usr/local/texlive/2014/texmf-dist/tex/generic/oberdiek/ifluatex.sty
Package: ifluatex 2010/03/01 v1.3 Provides the ifluatex switch (HO)
Package ifluatex Info: LuaTeX not detected.
) (/usr/local/texlive/2014/texmf-dist/tex/generic/oberdiek/ifpdf.sty
Package: ifpdf 2011/01/30 v2.3 Provides the ifpdf switch (HO)
Package ifpdf Info: pdfTeX in PDF mode is detected.
)
Package pdftexcmds Info: LuaTeX not detected.
Package pdftexcmds Info: \pdf@primitive is available.
Package pdftexcmds Info: \pdf@ifprimitive is available.
Package pdftexcmds Info: \pdfdraftmode found.
) (/usr/local/texlive/2014/texmf-dist/tex/latex/oberdiek/epstopdf-base.sty
Package: epstopdf-base 2010/02/09 v2.5 Base part for package epstopdf
 (/usr/local/texlive/2014/texmf-dist/tex/latex/oberdiek/grfext.sty
Package: grfext 2010/08/19 v1.1 Manage graphics extensions (HO)
 (/usr/local/texlive/2014/texmf-dist/tex/generic/oberdiek/kvdefinekeys.sty
Package: kvdefinekeys 2011/04/07 v1.3 Define keys (HO)
)) (/usr/local/texlive/2014/texmf-dist/tex/latex/oberdiek/kvoptions.sty
Package: kvoptions 2011/06/30 v3.11 Key value format for package options (HO)
 (/usr/local/texlive/2014/texmf-dist/tex/generic/oberdiek/kvsetkeys.sty
Package: kvsetkeys 2012/04/25 v1.16 Key value parser (HO)
 (/usr/local/texlive/2014/texmf-dist/tex/generic/oberdiek/etexcmds.sty
Package: etexcmds 2011/02/16 v1.5 Avoid name clashes with e-TeX commands (HO)
Package etexcmds Info: Could not find \expanded.
(etexcmds)             That can mean that you are not using pdfTeX 1.50 or
(etexcmds)             that some package has redefined \expanded.
(etexcmds)             In the latter case, load this package earlier.
)))
Package grfext Info: Graphics extension search list:
(grfext)             [.png,.pdf,.jpg,.mps,.jpeg,.jbig2,.jb2,.PNG,.PDF,.JPG,.JPEG,.JBIG2,.JB2,.eps]
(grfext)             \AppendGraphicsExtensions on input line 452.
 (/usr/local/texlive/2014/texmf-dist/tex/latex/latexconfig/epstopdf-sys.cfg
File: epstopdf-sys.cfg 2010/07/13 v1.3 Configuration of (r)epstopdf for TeX Live
))
Package caption Info: Begin \AtBeginDocument code.
Package caption Info: End \AtBeginDocument code.
Missing character: There is no Ã in font cmr9!
Missing character: There is no ¯ in font cmr9!
 (./A Comparison of String Search Algorithms for Deep Packet Inspection.toc [1

{/usr/local/texlive/2014/texmf-var/fonts/map/pdftex/updmap/pdftex.map}])
\tf@toc=\write4
\openout4 = `"A Comparison of String Search Algorithms for Deep Packet Inspection.toc"'.


Overfull \hbox (10.68575pt too wide) in paragraph at lines 28--29
[]\OT1/cmr/m/n/10 Deep packet in-spec-tion is very preva-lent to-day. From In-ter-net Ser-vice Providers
 []

[2]
Underfull \hbox (badness 10000) in paragraph at lines 44--44
[][]$\OT1/cmtt/m/n/8 https : / / github . com / KieranHunt / dpi _ algorithms / blob / master / src / dpi _ interface /
 []

<images/naive-1.pdf, id=19, 745.78625pt x 131.49126pt>
File: images/naive-1.pdf Graphic file (type pdf)
 <use images/naive-1.pdf>
Package pdftex.def Info: images/naive-1.pdf used on input line 54.
(pdftex.def)             Requested size: 345.0pt x 60.82779pt.
 <images/naive-2.pdf, id=20, 745.78625pt x 131.49126pt>
File: images/naive-2.pdf Graphic file (type pdf)
 <use images/naive-2.pdf>
Package pdftex.def Info: images/naive-2.pdf used on input line 60.
(pdftex.def)             Requested size: 345.0pt x 60.82779pt.
 <images/naive-3.pdf, id=21, 745.78625pt x 131.49126pt>
File: images/naive-3.pdf Graphic file (type pdf)
 <use images/naive-3.pdf>
Package pdftex.def Info: images/naive-3.pdf used on input line 66.
(pdftex.def)             Requested size: 345.0pt x 60.82779pt.
 <images/naive-4.pdf, id=22, 745.78625pt x 131.49126pt>
File: images/naive-4.pdf Graphic file (type pdf)
 <use images/naive-4.pdf>
Package pdftex.def Info: images/naive-4.pdf used on input line 72.
(pdftex.def)             Requested size: 345.0pt x 60.82779pt.
 <images/naive-5.pdf, id=23, 745.78625pt x 131.49126pt>
File: images/naive-5.pdf Graphic file (type pdf)
 <use images/naive-5.pdf>
Package pdftex.def Info: images/naive-5.pdf used on input line 78.
(pdftex.def)             Requested size: 345.0pt x 60.82779pt.
 <images/trie.pdf, id=24, 506.89375pt x 276.03125pt>
File: images/trie.pdf Graphic file (type pdf)
 <use images/trie.pdf>
Package pdftex.def Info: images/trie.pdf used on input line 95.
(pdftex.def)             Requested size: 345.0pt x 187.87566pt.
 [3] [4 <./images/naive-1.pdf> <./images/naive-2.pdf> <./images/naive-3.pdf> <./images/naive-4.pdf> <./images/naive-5.pdf>] <images/ac-automaton.pdf, id=48, 565.11125pt x 362.35374pt>
File: images/ac-automaton.pdf Graphic file (type pdf)
 <use images/ac-automaton.pdf>
Package pdftex.def Info: images/ac-automaton.pdf used on input line 119.
(pdftex.def)             Requested size: 345.0pt x 221.21791pt.
 [5 <./images/trie.pdf>]
Missing character: There is no â in font cmr10!
Missing character: There is no € in font cmr10!
Missing character: There is no º in font cmr10!
 <images/bloom-1.pdf, id=55, 615.29875pt x 210.7875pt>
File: images/bloom-1.pdf Graphic file (type pdf)
 <use images/bloom-1.pdf>
Package pdftex.def Info: images/bloom-1.pdf used on input line 143.
(pdftex.def)             Requested size: 345.0pt x 118.19136pt.
 <images/bloom-2.pdf, id=56, 615.29875pt x 210.7875pt>
File: images/bloom-2.pdf Graphic file (type pdf)
 <use images/bloom-2.pdf>
Package pdftex.def Info: images/bloom-2.pdf used on input line 154.
(pdftex.def)             Requested size: 345.0pt x 118.19136pt.
 <images/bloom-3.pdf, id=57, 615.29875pt x 210.7875pt>
File: images/bloom-3.pdf Graphic file (type pdf)
 <use images/bloom-3.pdf>
Package pdftex.def Info: images/bloom-3.pdf used on input line 165.
(pdftex.def)             Requested size: 345.0pt x 118.19136pt.
 <images/bloom-4.pdf, id=58, 615.29875pt x 210.7875pt>
File: images/bloom-4.pdf Graphic file (type pdf)
 <use images/bloom-4.pdf>
Package pdftex.def Info: images/bloom-4.pdf used on input line 176.
(pdftex.def)             Requested size: 345.0pt x 118.19136pt.
 <images/bloom-5.pdf, id=59, 615.29875pt x 210.7875pt>
File: images/bloom-5.pdf Graphic file (type pdf)
 <use images/bloom-5.pdf>
Package pdftex.def Info: images/bloom-5.pdf used on input line 187.
(pdftex.def)             Requested size: 345.0pt x 118.19136pt.


Package caption Warning: \label without proper \caption on input line 150.
See the caption package documentation for explanation.


LaTeX Warning: Reference `bloom-2' on page 6 undefined on input line 188.


Package caption Warning: \label without proper \caption on input line 161.
See the caption package documentation for explanation.


LaTeX Warning: Reference `bloom-3' on page 6 undefined on input line 188.


Package caption Warning: \label without proper \caption on input line 150.
See the caption package documentation for explanation.


LaTeX Warning: Reference `bloom-2' on page 6 undefined on input line 188.


Package caption Warning: \label without proper \caption on input line 161.
See the caption package documentation for explanation.


LaTeX Warning: Reference `bloom-3' on page 6 undefined on input line 188.

<images/bloom-6.pdf, id=60, 615.29875pt x 210.7875pt>
File: images/bloom-6.pdf Graphic file (type pdf)
 <use images/bloom-6.pdf>
Package pdftex.def Info: images/bloom-6.pdf used on input line 198.
(pdftex.def)             Requested size: 345.0pt x 118.19136pt.
 [6 <./images/ac-automaton.pdf>] [7 <./images/bloom-1.pdf> <./images/bloom-2.pdf> <./images/bloom-3.pdf>] [8 <./images/bloom-4.pdf> <./images/bloom-5.pdf>] [9 <./images/bloom-6.pdf>] <images/knuth-morris-pratt-1.pdf, id=107, 716.6775pt x 131.49126pt>
File: images/knuth-morris-pratt-1.pdf Graphic file (type pdf)
 <use images/knuth-morris-pratt-1.pdf>
Package pdftex.def Info: images/knuth-morris-pratt-1.pdf used on input line 235.
(pdftex.def)             Requested size: 345.0pt x 63.29967pt.
 <images/knuth-morris-pratt-2.pdf, id=108, 716.6775pt x 131.49126pt>
File: images/knuth-morris-pratt-2.pdf Graphic file (type pdf)
 <use images/knuth-morris-pratt-2.pdf>
Package pdftex.def Info: images/knuth-morris-pratt-2.pdf used on input line 241.
(pdftex.def)             Requested size: 345.0pt x 63.29967pt.
 <images/knuth-morris-pratt-3.pdf, id=109, 716.6775pt x 131.49126pt>
File: images/knuth-morris-pratt-3.pdf Graphic file (type pdf)
 <use images/knuth-morris-pratt-3.pdf>
Package pdftex.def Info: images/knuth-morris-pratt-3.pdf used on input line 247.
(pdftex.def)             Requested size: 345.0pt x 63.29967pt.
 <images/knuth-morris-pratt-4.pdf, id=110, 716.6775pt x 131.49126pt>
File: images/knuth-morris-pratt-4.pdf Graphic file (type pdf)
 <use images/knuth-morris-pratt-4.pdf>
Package pdftex.def Info: images/knuth-morris-pratt-4.pdf used on input line 253.
(pdftex.def)             Requested size: 345.0pt x 63.29967pt.
 [10 <./images/knuth-morris-pratt-1.pdf> <./images/knuth-morris-pratt-2.pdf> <./images/knuth-morris-pratt-3.pdf> <./images/knuth-morris-pratt-4.pdf>]
Overfull \hbox (19.77846pt too wide) in paragraph at lines 277--278
\OT1/cmr/m/n/10 Prince.txt, Bird-Watching.txt, The-Adventures-of-Sherlock-Holmes.txt, The-Yellow-
 []


Overfull \hbox (11.33403pt too wide) in paragraph at lines 277--278
\OT1/cmr/m/n/10 Wallpaper.txt, Frankenstein-or-the-Modern-Prometheus.txt, and The-Adventures-
 []

Excluding 'comment' comment. <graphs/cum_sum_packets_google.png, id=126, 6022.5pt x 3613.5pt>
File: graphs/cum_sum_packets_google.png Graphic file (type png)
 <use graphs/cum_sum_packets_google.png>
Package pdftex.def Info: graphs/cum_sum_packets_google.png used on input line 294.
(pdftex.def)             Requested size: 345.0pt x 206.98618pt.
 <graphs/cum_sum_packets_amazonaws-com.png, id=128, 6022.5pt x 3613.5pt>
File: graphs/cum_sum_packets_amazonaws-com.png Graphic file (type png)
 <use graphs/cum_sum_packets_amazonaws-com.png>
Package pdftex.def Info: graphs/cum_sum_packets_amazonaws-com.png used on input line 300.
(pdftex.def)             Requested size: 345.0pt x 206.98618pt.
 (./A Comparison of String Search Algorithms for Deep Packet Inspection.bbl [11]
Overfull \vbox (1.8751pt too high) has occurred while \output is active []

 [12 <./graphs/cum_sum_packets_google.png> <./graphs/cum_sum_packets_amazonaws-com.png>]) [13] (./A Comparison of String Search Algorithms for Deep Packet Inspection.aux)

LaTeX Warning: There were undefined references.


LaTeX Warning: There were multiply-defined labels.

 ) 
Here is how much of TeX's memory you used:
 3862 strings out of 493093
 58815 string characters out of 6134990
 125246 words of memory out of 5000000
 7274 multiletter control sequences out of 15000+600000
 10144 words of font info for 37 fonts, out of 8000000 for 9000
 1141 hyphenation exceptions out of 8191
 42i,8n,40p,1446b,452s stack positions out of 5000i,500n,10000p,200000b,80000s
</usr/local/texlive/2014/texmf-dist/fonts/type1/public/amsfonts/cm/cmbx10.pfb></usr/local/texlive/2014/texmf-dist/fonts/type1/public/amsfonts/cm/cmbx12.pfb></usr/local/texlive/2014/texmf-dist/fonts/type1/public/amsfonts/cm/cmbx9.pfb></usr/local/texlive/2014/texmf-dist/fonts/type1/public/amsfonts/cm/cmmi10.pfb></usr/local/texlive/2014/texmf-dist/fonts/type1/public/amsfonts/cm/cmr10.pfb></usr/local/texlive/2014/texmf-dist/fonts/type1/public/amsfonts/cm/cmr12.pfb></usr/local/texlive/2014/texmf-dist/fonts/type1/public/amsfonts/cm/cmr17.pfb></usr/local/texlive/2014/texmf-dist/fonts/type1/public/amsfonts/cm/cmr6.pfb></usr/local/texlive/2014/texmf-dist/fonts/type1/public/amsfonts/cm/cmr7.pfb></usr/local/texlive/2014/texmf-dist/fonts/type1/public/amsfonts/cm/cmr9.pfb></usr/local/texlive/2014/texmf-dist/fonts/type1/public/amsfonts/cm/cmsy10.pfb></usr/local/texlive/2014/texmf-dist/fonts/type1/public/amsfonts/cm/cmti10.pfb></usr/local/texlive/2014/texmf-dist/fonts/type1/public/amsfonts/cm/cmtt8.pfb>
Output written on "A Comparison of String Search Algorithms for Deep Packet Inspection.pdf" (13 pages, 1939703 bytes).
PDF statistics:
 185 PDF objects out of 1000 (max. 8388607)
 132 compressed objects within 2 object streams
 0 named destinations out of 1000 (max. 500000)
 96 words of extra memory for PDF output out of 10000 (max. 10000000)

