This is pdfTeX, Version 3.14159265-2.6-1.40.16 (TeX Live 2015) (preloaded format=pdflatex 2015.8.3)  22 NOV 2015 22:05
entering extended mode
 restricted \write18 enabled.
 file:line:error style messages enabled.
 %&-line parsing enabled.
**a_comparison_of_string_search_algorithms_for_deep_packet_inspection.tex
(./a_comparison_of_string_search_algorithms_for_deep_packet_inspection.tex
LaTeX2e <2015/01/01> patch level 2
Babel <3.9l> and hyphenation patterns for 79 languages loaded.
(/usr/local/texlive/2014/texmf-dist/tex/latex/base/article.cls
Document Class: article 2014/09/29 v1.4h Standard LaTeX document class
(/usr/local/texlive/2014/texmf-dist/tex/latex/base/size10.clo
File: size10.clo 2014/09/29 v1.4h Standard LaTeX file (size option)
)
\c@part=\count79
\c@section=\count80
\c@subsection=\count81
\c@subsubsection=\count82
\c@paragraph=\count83
\c@subparagraph=\count84
\c@figure=\count85
\c@table=\count86
\abovecaptionskip=\skip41
\belowcaptionskip=\skip42
\bibindent=\dimen102
) (/usr/local/texlive/2014/texmf-dist/tex/latex/natbib/natbib.sty
Package: natbib 2010/09/13 8.31b (PWD, AO)
\bibhang=\skip43
\bibsep=\skip44
LaTeX Info: Redefining \cite on input line 694.
\c@NAT@ctr=\count87
) (/usr/local/texlive/2014/texmf-dist/tex/latex/graphics/graphicx.sty
Package: graphicx 2014/10/28 v1.0g Enhanced LaTeX Graphics (DPC,SPQR)
 (/usr/local/texlive/2014/texmf-dist/tex/latex/graphics/keyval.sty
Package: keyval 2014/10/28 v1.15 key=value parser (DPC)
\KV@toks@=\toks14
) (/usr/local/texlive/2014/texmf-dist/tex/latex/graphics/graphics.sty
Package: graphics 2014/10/28 v1.0p Standard LaTeX Graphics (DPC,SPQR)
 (/usr/local/texlive/2014/texmf-dist/tex/latex/graphics/trig.sty
Package: trig 1999/03/16 v1.09 sin cos tan (DPC)
) (/usr/local/texlive/2014/texmf-dist/tex/latex/latexconfig/graphics.cfg
File: graphics.cfg 2010/04/23 v1.9 graphics configuration of TeX Live
)
Package graphics Info: Driver file: pdftex.def on input line 94.
 (/usr/local/texlive/2014/texmf-dist/tex/latex/pdftex-def/pdftex.def
File: pdftex.def 2011/05/27 v0.06d Graphics/color for pdfTeX
 (/usr/local/texlive/2014/texmf-dist/tex/generic/oberdiek/infwarerr.sty
Package: infwarerr 2010/04/08 v1.3 Providing info/warning/error messages (HO)
) (/usr/local/texlive/2014/texmf-dist/tex/generic/oberdiek/ltxcmds.sty
Package: ltxcmds 2011/11/09 v1.22 LaTeX kernel commands for general use (HO)
)
\Gread@gobject=\count88
))
\Gin@req@height=\dimen103
\Gin@req@width=\dimen104
) (/usr/local/texlive/2014/texmf-dist/tex/latex/multirow/multirow.sty
\bigstrutjot=\dimen105
) (/usr/local/texlive/2014/texmf-dist/tex/latex/comment/comment.sty
\CommentStream=\write3
 Excluding comment 'comment') (/usr/local/texlive/2014/texmf-dist/tex/latex/amsmath/amsmath.sty
Package: amsmath 2013/01/14 v2.14 AMS math features
\@mathmargin=\skip45

For additional information on amsmath, use the `?' option.
(/usr/local/texlive/2014/texmf-dist/tex/latex/amsmath/amstext.sty
Package: amstext 2000/06/29 v2.01
 (/usr/local/texlive/2014/texmf-dist/tex/latex/amsmath/amsgen.sty
File: amsgen.sty 1999/11/30 v2.0
\@emptytoks=\toks15
\ex@=\dimen106
)) (/usr/local/texlive/2014/texmf-dist/tex/latex/amsmath/amsbsy.sty
Package: amsbsy 1999/11/29 v1.2d
\pmbraise@=\dimen107
) (/usr/local/texlive/2014/texmf-dist/tex/latex/amsmath/amsopn.sty
Package: amsopn 1999/12/14 v2.01 operator names
)
\inf@bad=\count89
LaTeX Info: Redefining \frac on input line 210.
\uproot@=\count90
\leftroot@=\count91
LaTeX Info: Redefining \overline on input line 306.
\classnum@=\count92
\DOTSCASE@=\count93
LaTeX Info: Redefining \ldots on input line 378.
LaTeX Info: Redefining \dots on input line 381.
LaTeX Info: Redefining \cdots on input line 466.
\Mathstrutbox@=\box26
\strutbox@=\box27
\big@size=\dimen108
LaTeX Font Info:    Redeclaring font encoding OML on input line 566.
LaTeX Font Info:    Redeclaring font encoding OMS on input line 567.
\macc@depth=\count94
\c@MaxMatrixCols=\count95
\dotsspace@=\muskip10
\c@parentequation=\count96
\dspbrk@lvl=\count97
\tag@help=\toks16
\row@=\count98
\column@=\count99
\maxfields@=\count100
\andhelp@=\toks17
\eqnshift@=\dimen109
\alignsep@=\dimen110
\tagshift@=\dimen111
\tagwidth@=\dimen112
\totwidth@=\dimen113
\lineht@=\dimen114
\@envbody=\toks18
\multlinegap=\skip46
\multlinetaggap=\skip47
\mathdisplay@stack=\toks19
LaTeX Info: Redefining \[ on input line 2665.
LaTeX Info: Redefining \] on input line 2666.
) (/usr/local/texlive/2014/texmf-dist/tex/latex/url/url.sty
\Urlmuskip=\muskip11
Package: url 2013/09/16  ver 3.4  Verb mode for urls, etc.
) (/usr/local/texlive/2014/texmf-dist/tex/latex/tools/hhline.sty
Package: hhline 2014/10/28 v2.03 Table rule package (DPC)
) (/usr/local/texlive/2014/texmf-dist/tex/latex/float/float.sty
Package: float 2001/11/08 v1.3d Float enhancements (AL)
\c@float@type=\count101
\float@exts=\toks20
\float@box=\box28
\@float@everytoks=\toks21
\@floatcapt=\box29
) (/usr/local/texlive/2014/texmf-dist/tex/latex/caption/subcaption.sty
Package: subcaption 2013/02/03 v1.1-62 Sub-captions (AR)
 (/usr/local/texlive/2014/texmf-dist/tex/latex/caption/caption.sty
Package: caption 2013/05/02 v3.3-89 Customizing captions (AR)
 (/usr/local/texlive/2014/texmf-dist/tex/latex/caption/caption3.sty
Package: caption3 2013/05/02 v1.6-88 caption3 kernel (AR)
Package caption3 Info: TeX engine: e-TeX on input line 57.
\captionmargin=\dimen115
\captionmargin@=\dimen116
\captionwidth=\dimen117
\caption@tempdima=\dimen118
\caption@indent=\dimen119
\caption@parindent=\dimen120
\caption@hangindent=\dimen121
)
\c@ContinuedFloat=\count102
Package caption Info: float package is loaded.
)
\c@subfigure=\count103
\c@subtable=\count104
) (/usr/local/texlive/2014/texmf-dist/tex/latex/geometry/geometry.sty
Package: geometry 2010/09/12 v5.6 Page Geometry
 (/usr/local/texlive/2014/texmf-dist/tex/generic/oberdiek/ifpdf.sty
Package: ifpdf 2011/01/30 v2.3 Provides the ifpdf switch (HO)
Package ifpdf Info: pdfTeX in PDF mode is detected.
) (/usr/local/texlive/2014/texmf-dist/tex/generic/oberdiek/ifvtex.sty
Package: ifvtex 2010/03/01 v1.5 Detect VTeX and its facilities (HO)
Package ifvtex Info: VTeX not detected.
) (/usr/local/texlive/2014/texmf-dist/tex/generic/ifxetex/ifxetex.sty
Package: ifxetex 2010/09/12 v0.6 Provides ifxetex conditional
)
\Gm@cnth=\count105
\Gm@cntv=\count106
\c@Gm@tempcnt=\count107
\Gm@bindingoffset=\dimen122
\Gm@wd@mp=\dimen123
\Gm@odd@mp=\dimen124
\Gm@even@mp=\dimen125
\Gm@layoutwidth=\dimen126
\Gm@layoutheight=\dimen127
\Gm@layouthoffset=\dimen128
\Gm@layoutvoffset=\dimen129
\Gm@dimlist=\toks22
) (/usr/local/texlive/2014/texmf-dist/tex/latex/tools/longtable.sty
Package: longtable 2014/10/28 v4.11 Multi-page Table package (DPC)
\LTleft=\skip48
\LTright=\skip49
\LTpre=\skip50
\LTpost=\skip51
\LTchunksize=\count108
\LTcapwidth=\dimen130
\LT@head=\box30
\LT@firsthead=\box31
\LT@foot=\box32
\LT@lastfoot=\box33
\LT@cols=\count109
\LT@rows=\count110
\c@LT@tables=\count111
\c@LT@chunks=\count112
\LT@p@ftn=\toks23
) (/usr/local/texlive/2014/texmf-dist/tex/latex/mathtools/mathtools.sty
Package: mathtools 2015/06/17 v1.17 mathematical typesetting tools
 (/usr/local/texlive/2014/texmf-dist/tex/latex/tools/calc.sty
Package: calc 2014/10/28 v4.3 Infix arithmetic (KKT,FJ)
\calc@Acount=\count113
\calc@Bcount=\count114
\calc@Adimen=\dimen131
\calc@Bdimen=\dimen132
\calc@Askip=\skip52
\calc@Bskip=\skip53
LaTeX Info: Redefining \setlength on input line 80.
LaTeX Info: Redefining \addtolength on input line 81.
\calc@Ccount=\count115
\calc@Cskip=\skip54
) (/usr/local/texlive/2014/texmf-dist/tex/latex/mathtools/mhsetup.sty
Package: mhsetup 2010/01/21 v1.2a programming setup (MH)
)
LaTeX Info: Thecontrolsequence`\('isalreadyrobust on input line 129.
LaTeX Info: Thecontrolsequence`\)'isalreadyrobust on input line 129.
LaTeX Info: Thecontrolsequence`\['isalreadyrobust on input line 129.
LaTeX Info: Thecontrolsequence`\]'isalreadyrobust on input line 129.
\g_MT_multlinerow_int=\count116
\l_MT_multwidth_dim=\dimen133
\origjot=\skip55
\l_MT_shortvdotswithinadjustabove_dim=\dimen134
\l_MT_shortvdotswithinadjustbelow_dim=\dimen135
\l_MT_above_intertext_sep=\dimen136
\l_MT_below_intertext_sep=\dimen137
\l_MT_above_shortintertext_sep=\dimen138
\l_MT_below_shortintertext_sep=\dimen139
) (/usr/local/texlive/2014/texmf-dist/tex/latex/amsfonts/amssymb.sty
Package: amssymb 2013/01/14 v3.01 AMS font symbols
 (/usr/local/texlive/2014/texmf-dist/tex/latex/amsfonts/amsfonts.sty
Package: amsfonts 2013/01/14 v3.01 Basic AMSFonts support
\symAMSa=\mathgroup4
\symAMSb=\mathgroup5
LaTeX Font Info:    Overwriting math alphabet `\mathfrak' in version `bold'
(Font)                  U/euf/m/n --> U/euf/b/n on input line 106.
)) (./a_comparison_of_string_search_algorithms_for_deep_packet_inspection.aux

LaTeX Warning: Label `sec:naive' multiply defined.

)
\openout1 = `a_comparison_of_string_search_algorithms_for_deep_packet_inspection.aux'.

LaTeX Font Info:    Checking defaults for OML/cmm/m/it on input line 18.
LaTeX Font Info:    ... okay on input line 18.
LaTeX Font Info:    Checking defaults for T1/cmr/m/n on input line 18.
LaTeX Font Info:    ... okay on input line 18.
LaTeX Font Info:    Checking defaults for OT1/cmr/m/n on input line 18.
LaTeX Font Info:    ... okay on input line 18.
LaTeX Font Info:    Checking defaults for OMS/cmsy/m/n on input line 18.
LaTeX Font Info:    ... okay on input line 18.
LaTeX Font Info:    Checking defaults for OMX/cmex/m/n on input line 18.
LaTeX Font Info:    ... okay on input line 18.
LaTeX Font Info:    Checking defaults for U/cmr/m/n on input line 18.
LaTeX Font Info:    ... okay on input line 18.
 (/usr/local/texlive/2014/texmf-dist/tex/context/base/supp-pdf.mkii
[Loading MPS to PDF converter (version 2006.09.02).]
\scratchcounter=\count117
\scratchdimen=\dimen140
\scratchbox=\box34
\nofMPsegments=\count118
\nofMParguments=\count119
\everyMPshowfont=\toks24
\MPscratchCnt=\count120
\MPscratchDim=\dimen141
\MPnumerator=\count121
\makeMPintoPDFobject=\count122
\everyMPtoPDFconversion=\toks25
) (/usr/local/texlive/2014/texmf-dist/tex/generic/oberdiek/pdftexcmds.sty
Package: pdftexcmds 2011/11/29 v0.20 Utility functions of pdfTeX for LuaTeX (HO)
 (/usr/local/texlive/2014/texmf-dist/tex/generic/oberdiek/ifluatex.sty
Package: ifluatex 2010/03/01 v1.3 Provides the ifluatex switch (HO)
Package ifluatex Info: LuaTeX not detected.
)
Package pdftexcmds Info: LuaTeX not detected.
Package pdftexcmds Info: \pdf@primitive is available.
Package pdftexcmds Info: \pdf@ifprimitive is available.
Package pdftexcmds Info: \pdfdraftmode found.
) (/usr/local/texlive/2014/texmf-dist/tex/latex/oberdiek/epstopdf-base.sty
Package: epstopdf-base 2010/02/09 v2.5 Base part for package epstopdf
 (/usr/local/texlive/2014/texmf-dist/tex/latex/oberdiek/grfext.sty
Package: grfext 2010/08/19 v1.1 Manage graphics extensions (HO)
 (/usr/local/texlive/2014/texmf-dist/tex/generic/oberdiek/kvdefinekeys.sty
Package: kvdefinekeys 2011/04/07 v1.3 Define keys (HO)
)) (/usr/local/texlive/2014/texmf-dist/tex/latex/oberdiek/kvoptions.sty
Package: kvoptions 2011/06/30 v3.11 Key value format for package options (HO)
 (/usr/local/texlive/2014/texmf-dist/tex/generic/oberdiek/kvsetkeys.sty
Package: kvsetkeys 2012/04/25 v1.16 Key value parser (HO)
 (/usr/local/texlive/2014/texmf-dist/tex/generic/oberdiek/etexcmds.sty
Package: etexcmds 2011/02/16 v1.5 Avoid name clashes with e-TeX commands (HO)
Package etexcmds Info: Could not find \expanded.
(etexcmds)             That can mean that you are not using pdfTeX 1.50 or
(etexcmds)             that some package has redefined \expanded.
(etexcmds)             In the latter case, load this package earlier.
)))
Package grfext Info: Graphics extension search list:
(grfext)             [.png,.pdf,.jpg,.mps,.jpeg,.jbig2,.jb2,.PNG,.PDF,.JPG,.JPEG,.JBIG2,.JB2,.eps]
(grfext)             \AppendGraphicsExtensions on input line 452.
 (/usr/local/texlive/2014/texmf-dist/tex/latex/latexconfig/epstopdf-sys.cfg
File: epstopdf-sys.cfg 2010/07/13 v1.3 Configuration of (r)epstopdf for TeX Live
))
Package caption Info: Begin \AtBeginDocument code.
Package caption Info: longtable package is loaded.
 (/usr/local/texlive/2014/texmf-dist/tex/latex/caption/ltcaption.sty
Package: ltcaption 2013/02/03 v1.3-62 longtable captions (AR)
)
Package caption Info: End \AtBeginDocument code.

*geometry* driver: auto-detecting
*geometry* detected driver: pdftex
*geometry* verbose mode - [ preamble ] result:
* driver: pdftex
* paper: <default>
* layout: <same size as paper>
* layoutoffset:(h,v)=(0.0pt,0.0pt)
* modes: 
* h-part:(L,W,R)=(72.26999pt, 469.75502pt, 72.26999pt)
* v-part:(T,H,B)=(72.26999pt, 650.43001pt, 72.26999pt)
* \paperwidth=614.295pt
* \paperheight=794.96999pt
* \textwidth=469.75502pt
* \textheight=650.43001pt
* \oddsidemargin=0.0pt
* \evensidemargin=0.0pt
* \topmargin=-37.0pt
* \headheight=12.0pt
* \headsep=25.0pt
* \topskip=10.0pt
* \footskip=30.0pt
* \marginparwidth=65.0pt
* \marginparsep=11.0pt
* \columnsep=10.0pt
* \skip\footins=9.0pt plus 4.0pt minus 2.0pt
* \hoffset=0.0pt
* \voffset=0.0pt
* \mag=1000
* \@twocolumnfalse
* \@twosidefalse
* \@mparswitchfalse
* \@reversemarginfalse
* (1in=72.27pt=25.4mm, 1cm=28.453pt)

LaTeX Font Info:    Try loading font information for U+msa on input line 23.
(/usr/local/texlive/2014/texmf-dist/tex/latex/amsfonts/umsa.fd
File: umsa.fd 2013/01/14 v3.01 AMS symbols A
)
LaTeX Font Info:    Try loading font information for U+msb on input line 23.
 (/usr/local/texlive/2014/texmf-dist/tex/latex/amsfonts/umsb.fd
File: umsb.fd 2013/01/14 v3.01 AMS symbols B
) (./a_comparison_of_string_search_algorithms_for_deep_packet_inspection.toc)
\tf@toc=\write4
\openout4 = `a_comparison_of_string_search_algorithms_for_deep_packet_inspection.toc'.

 [1

{/usr/local/texlive/2014/texmf-var/fonts/map/pdftex/updmap/pdftex.map}]
LaTeX Font Info:    Try loading font information for OMS+cmr on input line 41.
 (/usr/local/texlive/2014/texmf-dist/tex/latex/base/omscmr.fd
File: omscmr.fd 2014/09/29 v2.5h Standard LaTeX font definitions
)
LaTeX Font Info:    Font shape `OMS/cmr/m/n' in size <10> not available
(Font)              Font shape `OMS/cmsy/m/n' tried instead on input line 41.
 [2] <images/naive-1.pdf, id=20, 745.78625pt x 131.49126pt>
File: images/naive-1.pdf Graphic file (type pdf)
 <use images/naive-1.pdf>
Package pdftex.def Info: images/naive-1.pdf used on input line 82.
(pdftex.def)             Requested size: 469.75502pt x 82.82387pt.
 <images/naive-2.pdf, id=21, 745.78625pt x 131.49126pt>
File: images/naive-2.pdf Graphic file (type pdf)
 <use images/naive-2.pdf>
Package pdftex.def Info: images/naive-2.pdf used on input line 88.
(pdftex.def)             Requested size: 469.75502pt x 82.82387pt.
 <images/naive-3.pdf, id=22, 745.78625pt x 131.49126pt>
File: images/naive-3.pdf Graphic file (type pdf)
 <use images/naive-3.pdf>
Package pdftex.def Info: images/naive-3.pdf used on input line 94.
(pdftex.def)             Requested size: 469.75502pt x 82.82387pt.
 <images/naive-4.pdf, id=23, 745.78625pt x 131.49126pt>
File: images/naive-4.pdf Graphic file (type pdf)
 <use images/naive-4.pdf>
Package pdftex.def Info: images/naive-4.pdf used on input line 100.
(pdftex.def)             Requested size: 469.75502pt x 82.82387pt.
 <images/naive-5.pdf, id=24, 745.78625pt x 131.49126pt>
File: images/naive-5.pdf Graphic file (type pdf)
 <use images/naive-5.pdf>
Package pdftex.def Info: images/naive-5.pdf used on input line 106.
(pdftex.def)             Requested size: 469.75502pt x 82.82387pt.


Package caption Warning: \label without proper \caption on input line 120.
See the caption package documentation for explanation.


LaTeX Warning: Reference `fig:trie' on page 3 undefined on input line 117.

[3] <images/trie.pdf, id=33, 506.89375pt x 276.03125pt>
File: images/trie.pdf Graphic file (type pdf)
 <use images/trie.pdf>
Package pdftex.def Info: images/trie.pdf used on input line 123.
(pdftex.def)             Requested size: 469.75502pt x 255.81348pt.
 [4 <./images/naive-1.pdf> <./images/naive-2.pdf> <./images/naive-3.pdf> <./images/naive-4.pdf> <./images/naive-5.pdf>] <images/ac-automaton.pdf, id=52, 565.11125pt x 362.35374pt>
File: images/ac-automaton.pdf Graphic file (type pdf)
 <use images/ac-automaton.pdf>
Package pdftex.def Info: images/ac-automaton.pdf used on input line 147.
(pdftex.def)             Requested size: 469.75502pt x 301.21797pt.
 [5 <./images/trie.pdf>]
Missing character: There is no â in font cmr10!
Missing character: There is no € in font cmr10!
Missing character: There is no º in font cmr10!
 <images/bloom-1.pdf, id=59, 615.29875pt x 210.7875pt>
File: images/bloom-1.pdf Graphic file (type pdf)
 <use images/bloom-1.pdf>
Package pdftex.def Info: images/bloom-1.pdf used on input line 172.
(pdftex.def)             Requested size: 469.75502pt x 160.93027pt.
 <images/bloom-2.pdf, id=60, 615.29875pt x 210.7875pt>
File: images/bloom-2.pdf Graphic file (type pdf)
 <use images/bloom-2.pdf>
Package pdftex.def Info: images/bloom-2.pdf used on input line 183.
(pdftex.def)             Requested size: 469.75502pt x 160.93027pt.
 <images/bloom-3.pdf, id=61, 615.29875pt x 210.7875pt>
File: images/bloom-3.pdf Graphic file (type pdf)
 <use images/bloom-3.pdf>
Package pdftex.def Info: images/bloom-3.pdf used on input line 194.
(pdftex.def)             Requested size: 469.75502pt x 160.93027pt.
 <images/bloom-4.pdf, id=62, 615.29875pt x 210.7875pt>
File: images/bloom-4.pdf Graphic file (type pdf)
 <use images/bloom-4.pdf>
Package pdftex.def Info: images/bloom-4.pdf used on input line 205.
(pdftex.def)             Requested size: 469.75502pt x 160.93027pt.
 <images/bloom-5.pdf, id=63, 615.29875pt x 210.7875pt>
File: images/bloom-5.pdf Graphic file (type pdf)
 <use images/bloom-5.pdf>
Package pdftex.def Info: images/bloom-5.pdf used on input line 216.
(pdftex.def)             Requested size: 469.75502pt x 160.93027pt.


Package caption Warning: \label without proper \caption on input line 179.
See the caption package documentation for explanation.


LaTeX Warning: Reference `bloom-2' on page 6 undefined on input line 217.


Package caption Warning: \label without proper \caption on input line 190.
See the caption package documentation for explanation.


LaTeX Warning: Reference `bloom-3' on page 6 undefined on input line 217.


Package caption Warning: \label without proper \caption on input line 179.
See the caption package documentation for explanation.


LaTeX Warning: Reference `bloom-2' on page 6 undefined on input line 217.


Package caption Warning: \label without proper \caption on input line 190.
See the caption package documentation for explanation.


LaTeX Warning: Reference `bloom-3' on page 6 undefined on input line 217.

<images/bloom-6.pdf, id=64, 615.29875pt x 210.7875pt>
File: images/bloom-6.pdf Graphic file (type pdf)
 <use images/bloom-6.pdf>
Package pdftex.def Info: images/bloom-6.pdf used on input line 227.
(pdftex.def)             Requested size: 469.75502pt x 160.93027pt.
 [6 <./images/ac-automaton.pdf>] [7 <./images/bloom-1.pdf> <./images/bloom-2.pdf> <./images/bloom-3.pdf>]

LaTeX Warning: Reference `boyer-moore' on page 8 undefined on input line 246.

[8 <./images/bloom-4.pdf> <./images/bloom-5.pdf>] <images/knuth-morris-pratt-1.pdf, id=99, 716.6775pt x 131.49126pt>
File: images/knuth-morris-pratt-1.pdf Graphic file (type pdf)
 <use images/knuth-morris-pratt-1.pdf>
Package pdftex.def Info: images/knuth-morris-pratt-1.pdf used on input line 264.
(pdftex.def)             Requested size: 469.75502pt x 86.18858pt.
 <images/knuth-morris-pratt-2.pdf, id=100, 716.6775pt x 131.49126pt>
File: images/knuth-morris-pratt-2.pdf Graphic file (type pdf)
 <use images/knuth-morris-pratt-2.pdf>
Package pdftex.def Info: images/knuth-morris-pratt-2.pdf used on input line 270.
(pdftex.def)             Requested size: 469.75502pt x 86.18858pt.
 <images/knuth-morris-pratt-3.pdf, id=101, 716.6775pt x 131.49126pt>
File: images/knuth-morris-pratt-3.pdf Graphic file (type pdf)
 <use images/knuth-morris-pratt-3.pdf>
Package pdftex.def Info: images/knuth-morris-pratt-3.pdf used on input line 276.
(pdftex.def)             Requested size: 469.75502pt x 86.18858pt.
 <images/knuth-morris-pratt-4.pdf, id=102, 716.6775pt x 131.49126pt>
File: images/knuth-morris-pratt-4.pdf Graphic file (type pdf)
 <use images/knuth-morris-pratt-4.pdf>
Package pdftex.def Info: images/knuth-morris-pratt-4.pdf used on input line 282.
(pdftex.def)             Requested size: 469.75502pt x 86.18858pt.

Overfull \hbox (55.47269pt too wide) in paragraph at lines 295--301
 [][] 
 []

[9 <./images/bloom-6.pdf>] [10 <./images/knuth-morris-pratt-1.pdf> <./images/knuth-morris-pratt-2.pdf> <./images/knuth-morris-pratt-3.pdf> <./images/knuth-morris-pratt-4.pdf>] Excluding 'comment' comment.
Missing character: There is no Â in font cmr10!
Missing character: There is no   in font cmr10!
 [11] [12]
Overfull \hbox (6.6626pt too wide) in paragraph at lines 528--529
[]\OT1/cmr/m/n/10 Books: Alices-Adventures-in-Wonderland.txt, Pride-and-Prejudice.txt, The-Prince.txt, Bird-Watching.txt,
 []


Overfull \hbox (23.05147pt too wide) in paragraph at lines 528--529
\OT1/cmr/m/n/10 The-Adventures-of-Sherlock-Holmes.txt, The-Yellow-Wallpaper.txt, Frankenstein-or-the-Modern-Prometheus.txt,
 []

Excluding 'comment' comment. [13] [14] [15]
Overfull \hbox (6.3848pt too wide) in paragraph at lines 658--664
 [][] 
 []

<graphs/substring_frequency.png, id=146, 2007.5pt x 1204.5pt>
File: graphs/substring_frequency.png Graphic file (type png)
 <use graphs/substring_frequency.png>
Package pdftex.def Info: graphs/substring_frequency.png used on input line 672.
(pdftex.def)             Requested size: 469.75502pt x 281.84451pt.
 [16 <./graphs/substring_frequency.png>] <graphs/cum_sum_packets_google.png, id=152, 6022.5pt x 3613.5pt>
File: graphs/cum_sum_packets_google.png Graphic file (type png)
 <use graphs/cum_sum_packets_google.png>
Package pdftex.def Info: graphs/cum_sum_packets_google.png used on input line 708.
(pdftex.def)             Requested size: 469.75502pt x 281.80775pt.
 <graphs/cum_sum_packets_amazonaws-com.png, id=153, 6022.5pt x 3613.5pt>
File: graphs/cum_sum_packets_amazonaws-com.png Graphic file (type png)
 <use graphs/cum_sum_packets_amazonaws-com.png>
Package pdftex.def Info: graphs/cum_sum_packets_amazonaws-com.png used on input line 715.
(pdftex.def)             Requested size: 469.75502pt x 281.80775pt.
 <graphs/term_length_compare-bitap.png, id=154, 6022.5pt x 3613.5pt>
File: graphs/term_length_compare-bitap.png Graphic file (type png)
 <use graphs/term_length_compare-bitap.png>
Package pdftex.def Info: graphs/term_length_compare-bitap.png used on input line 728.
(pdftex.def)             Requested size: 469.75502pt x 281.80775pt.
 <graphs/term_length_compare-boyer-moore.png, id=155, 6022.5pt x 3613.5pt>
File: graphs/term_length_compare-boyer-moore.png Graphic file (type png)
 <use graphs/term_length_compare-boyer-moore.png>
Package pdftex.def Info: graphs/term_length_compare-boyer-moore.png used on input line 734.
(pdftex.def)             Requested size: 469.75502pt x 281.80775pt.
 <graphs/term_length_compare-horspool.png, id=156, 6022.5pt x 3613.5pt>
File: graphs/term_length_compare-horspool.png Graphic file (type png)
 <use graphs/term_length_compare-horspool.png>
Package pdftex.def Info: graphs/term_length_compare-horspool.png used on input line 740.
(pdftex.def)             Requested size: 469.75502pt x 281.80775pt.
 <graphs/term_length_compare-knuth-morris-pratt.png, id=157, 6022.5pt x 3613.5pt>
File: graphs/term_length_compare-knuth-morris-pratt.png Graphic file (type png)
 <use graphs/term_length_compare-knuth-morris-pratt.png>
Package pdftex.def Info: graphs/term_length_compare-knuth-morris-pratt.png used on input line 746.
(pdftex.def)             Requested size: 469.75502pt x 281.80775pt.
 <graphs/term_length_compare-naive.png, id=158, 6022.5pt x 3613.5pt>
File: graphs/term_length_compare-naive.png Graphic file (type png)
 <use graphs/term_length_compare-naive.png>
Package pdftex.def Info: graphs/term_length_compare-naive.png used on input line 752.
(pdftex.def)             Requested size: 469.75502pt x 281.80775pt.
 <graphs/term_length_compare-rabin-karp.png, id=159, 6022.5pt x 3613.5pt>
File: graphs/term_length_compare-rabin-karp.png Graphic file (type png)
 <use graphs/term_length_compare-rabin-karp.png>
Package pdftex.def Info: graphs/term_length_compare-rabin-karp.png used on input line 758.
(pdftex.def)             Requested size: 469.75502pt x 281.80775pt.
 (./a_comparison_of_string_search_algorithms_for_deep_packet_inspection.bbl [17]

LaTeX Warning: Text page 18 contains only floats.

[18 <./graphs/cum_sum_packets_google.png> <./graphs/cum_sum_packets_amazonaws-com.png>] [19 <./graphs/term_length_compare-bitap.png>]
Missing character: There is no â in font cmr10!
Missing character: There is no € in font cmr10!
Missing character: There is no ” in font cmr10!
) [20 <./graphs/term_length_compare-boyer-moore.png>] [21 <./graphs/term_length_compare-horspool.png> <./graphs/term_length_compare-knuth-morris-pratt.png>] [22 <./graphs/term_length_compare-naive.png> <./graphs/term_length_compare-rabin-karp.png>] (./a_comparison_of_string_search_algorithms_for_deep_packet_inspection.aux)

LaTeX Warning: There were undefined references.


LaTeX Warning: There were multiply-defined labels.

 ) 
Here is how much of TeX's memory you used:
 5387 strings out of 493093
 82887 string characters out of 6134990
 180666 words of memory out of 5000000
 8744 multiletter control sequences out of 15000+600000
 12624 words of font info for 49 fonts, out of 8000000 for 9000
 1141 hyphenation exceptions out of 8191
 42i,9n,44p,1257b,462s stack positions out of 5000i,500n,10000p,200000b,80000s
</usr/local/texlive/2014/texmf-dist/fonts/type1/public/amsfonts/cm/cmbx10.pfb></usr/local/texlive/2014/texmf-dist/fonts/type1/public/amsfonts/cm/cmbx12.pfb></usr/local/texlive/2014/texmf-dist/fonts/type1/public/amsfonts/cm/cmbx9.pfb></usr/local/texlive/2014/texmf-dist/fonts/type1/public/amsfonts/cm/cmex10.pfb></usr/local/texlive/2014/texmf-dist/fonts/type1/public/amsfonts/cm/cmmi10.pfb></usr/local/texlive/2014/texmf-dist/fonts/type1/public/amsfonts/cm/cmmi7.pfb></usr/local/texlive/2014/texmf-dist/fonts/type1/public/amsfonts/cm/cmr10.pfb></usr/local/texlive/2014/texmf-dist/fonts/type1/public/amsfonts/cm/cmr12.pfb></usr/local/texlive/2014/texmf-dist/fonts/type1/public/amsfonts/cm/cmr17.pfb></usr/local/texlive/2014/texmf-dist/fonts/type1/public/amsfonts/cm/cmr6.pfb></usr/local/texlive/2014/texmf-dist/fonts/type1/public/amsfonts/cm/cmr7.pfb></usr/local/texlive/2014/texmf-dist/fonts/type1/public/amsfonts/cm/cmr9.pfb></usr/local/texlive/2014/texmf-dist/fonts/type1/public/amsfonts/cm/cmsy10.pfb></usr/local/texlive/2014/texmf-dist/fonts/type1/public/amsfonts/cm/cmsy7.pfb></usr/local/texlive/2014/texmf-dist/fonts/type1/public/amsfonts/cm/cmti10.pfb></usr/local/texlive/2014/texmf-dist/fonts/type1/public/amsfonts/cm/cmtt8.pfb></usr/local/texlive/2014/texmf-dist/fonts/type1/public/amsfonts/symbols/msbm7.pfb>
Output written on a_comparison_of_string_search_algorithms_for_deep_packet_inspection.pdf (22 pages, 4529326 bytes).
PDF statistics:
 243 PDF objects out of 1000 (max. 8388607)
 163 compressed objects within 2 object streams
 0 named destinations out of 1000 (max. 500000)
 131 words of extra memory for PDF output out of 10000 (max. 10000000)

